#! /usr/local/iverilog/bin/vvp
:ivl_version "11.0 (devel)" "(s20150603-612-ga9388a89)";
:ivl_delay_selection "TYPICAL";
:vpi_time_precision - 10;
:vpi_module "system";
:vpi_module "vhdl_sys";
:vpi_module "vhdl_textio";
:vpi_module "v2005_math";
:vpi_module "va_math";
S_0000000002867a50 .scope module, "Lab2" "Lab2" 2 5;
 .timescale -9 -10;
    .port_info 0 /INPUT 1 "ADC_CLK_10";
    .port_info 1 /INPUT 1 "MAX10_CLK1_50";
    .port_info 2 /INPUT 1 "MAX10_CLK2_50";
    .port_info 3 /OUTPUT 8 "HEX0";
    .port_info 4 /OUTPUT 8 "HEX1";
    .port_info 5 /OUTPUT 8 "HEX2";
    .port_info 6 /OUTPUT 8 "HEX3";
    .port_info 7 /OUTPUT 8 "HEX4";
    .port_info 8 /OUTPUT 8 "HEX5";
    .port_info 9 /INPUT 2 "KEY";
    .port_info 10 /OUTPUT 10 "LEDR";
    .port_info 11 /INPUT 10 "SW";
RS_0000000002868698 .resolv tri, L_000000000284de40, L_000000000284d430;
L_000000000284d270 .functor BUFZ 1, RS_0000000002868698, C4<0>, C4<0>, C4<0>;
L_000000000284dba0 .functor BUFZ 1, v00000000028c2b30_0, C4<0>, C4<0>, C4<0>;
L_000000000284d350 .functor BUFZ 1, v00000000028c3df0_0, C4<0>, C4<0>, C4<0>;
o0000000002868a58 .functor BUFZ 1, C4<z>; HiZ drive
v00000000028c3210_0 .net "ADC_CLK_10", 0 0, o0000000002868a58;  0 drivers
v00000000028c32b0_0 .net "HEX0", 7 0, L_0000000002928690;  1 drivers
v00000000028c2130_0 .net "HEX1", 7 0, L_0000000002928f50;  1 drivers
v00000000028c2c70_0 .net "HEX2", 7 0, L_0000000002928a80;  1 drivers
v00000000028c29f0_0 .net "HEX3", 7 0, L_000000000283a830;  1 drivers
v00000000028c3990_0 .net "HEX4", 7 0, L_000000000284d510;  1 drivers
v00000000028c30d0_0 .net "HEX5", 7 0, L_000000000284d740;  1 drivers
o0000000002868c68 .functor BUFZ 2, C4<zz>; HiZ drive
v00000000028c3350_0 .net "KEY", 1 0, o0000000002868c68;  0 drivers
v00000000028c3170_0 .net "LEDR", 9 0, L_00000000028c2450;  1 drivers
o0000000002868cc8 .functor BUFZ 1, C4<z>; HiZ drive
v00000000028c3530_0 .net "MAX10_CLK1_50", 0 0, o0000000002868cc8;  0 drivers
o0000000002868cf8 .functor BUFZ 1, C4<z>; HiZ drive
v00000000028c2a90_0 .net "MAX10_CLK2_50", 0 0, o0000000002868cf8;  0 drivers
o0000000002868d28 .functor BUFZ 10, C4<zzzzzzzzzz>; HiZ drive
v00000000028c2950_0 .net "SW", 9 0, o0000000002868d28;  0 drivers
v00000000028c3c10_0 .net *"_s11", 0 0, L_000000000284d350;  1 drivers
v00000000028c28b0_0 .net *"_s14", 0 0, L_00000000028c37b0;  1 drivers
v00000000028c3cb0_0 .net *"_s18", 0 0, L_00000000028c26d0;  1 drivers
v00000000028c3850_0 .net *"_s22", 0 0, L_00000000028c2f90;  1 drivers
o0000000002868e18 .functor BUFZ 8, C4<zzzzzzzz>; HiZ drive
; Elide local net with no drivers, v00000000028c3ad0_0 name=_s26
v00000000028c35d0_0 .net *"_s3", 0 0, L_000000000284d270;  1 drivers
v00000000028c2b30_0 .var "div_val", 0 0;
v00000000028c3d50_0 .var "feb_day", 7 0;
v00000000028c2bd0_0 .net "latch", 0 0, v00000000028c3df0_0;  1 drivers
v00000000028c3df0_0 .var "latch_out", 0 0;
v00000000028c3b70_0 .net8 "s_clk", 0 0, RS_0000000002868698;  2 drivers
v00000000028c33f0_0 .net "s_clk_1", 0 0, L_000000000284d6d0;  1 drivers
v00000000028c3e90_0 .net "s_clk_2", 0 0, L_000000000284d3c0;  1 drivers
v00000000028c2d10_0 .net "val", 0 0, L_000000000284dba0;  1 drivers
E_000000000285b910 .event negedge, L_00000000028c2f90;
E_000000000285b310 .event negedge, L_00000000028c26d0;
E_000000000285add0 .event edge, L_00000000028c37b0;
L_00000000028c37b0 .part o0000000002868d28, 9, 1;
L_00000000028c26d0 .part o0000000002868c68, 1, 1;
L_00000000028c2f90 .part o0000000002868c68, 0, 1;
L_00000000028c2450 .concat [ 1 1 8 0], L_000000000284d350, L_000000000284d270, o0000000002868e18;
S_000000000283dd60 .scope module, "C1" "Counters" 2 74, 3 1 0, S_0000000002867a50;
 .timescale -9 -10;
    .port_info 0 /INPUT 1 "clk";
    .port_info 1 /INPUT 1 "reset_n";
    .port_info 2 /INPUT 8 "feb_day";
    .port_info 3 /OUTPUT 8 "HEX0";
    .port_info 4 /OUTPUT 8 "HEX1";
    .port_info 5 /OUTPUT 8 "HEX2";
    .port_info 6 /OUTPUT 8 "HEX3";
    .port_info 7 /OUTPUT 8 "HEX4";
    .port_info 8 /OUTPUT 8 "HEX5";
v00000000028c0d00_0 .net "HEX0", 7 0, L_0000000002928690;  alias, 1 drivers
v00000000028c1520_0 .net "HEX1", 7 0, L_0000000002928f50;  alias, 1 drivers
v00000000028c0b20_0 .net "HEX2", 7 0, L_0000000002928a80;  alias, 1 drivers
v00000000028c0120_0 .net "HEX3", 7 0, L_000000000283a830;  alias, 1 drivers
v00000000028c1660_0 .net "HEX4", 7 0, L_000000000284d510;  alias, 1 drivers
v00000000028c01c0_0 .net "HEX5", 7 0, L_000000000284d740;  alias, 1 drivers
v00000000028c03a0_0 .net8 "clk", 0 0, RS_0000000002868698;  alias, 2 drivers
v00000000028c0260_0 .var "counter_ones_p", 7 0;
v00000000028c0440_0 .var "counter_tens_p", 7 0;
v00000000028c13e0_0 .net "feb_day", 7 0, v00000000028c3d50_0;  1 drivers
v00000000028c0800_0 .net "reset_n", 0 0, v00000000028c3df0_0;  alias, 1 drivers
v00000000028c1480_0 .var "total_count", 7 0;
E_000000000285b510/0 .event negedge, v00000000028c0800_0;
E_000000000285b510/1 .event posedge, v00000000028c03a0_0;
E_000000000285b510 .event/or E_000000000285b510/0, E_000000000285b510/1;
S_0000000002842370 .scope module, "MD0" "month_day" 3 63, 4 1 0, S_000000000283dd60;
 .timescale -9 -10;
    .port_info 0 /INPUT 8 "total_count";
    .port_info 1 /INPUT 8 "feb_day";
    .port_info 2 /OUTPUT 8 "HEX0";
    .port_info 3 /OUTPUT 8 "HEX1";
    .port_info 4 /OUTPUT 8 "HEX2";
    .port_info 5 /OUTPUT 8 "HEX3";
v00000000028c04e0_0 .net "HEX0", 7 0, L_0000000002928690;  alias, 1 drivers
v00000000028c0580_0 .net "HEX1", 7 0, L_0000000002928f50;  alias, 1 drivers
v00000000028c1d40_0 .net "HEX2", 7 0, L_0000000002928a80;  alias, 1 drivers
v00000000028c1200_0 .net "HEX3", 7 0, L_000000000283a830;  alias, 1 drivers
v00000000028c15c0_0 .var "day_full", 7 0;
v00000000028c12a0_0 .var "disp_month", 7 0;
v00000000028c1b60_0 .net "feb_day", 7 0, v00000000028c3d50_0;  alias, 1 drivers
v00000000028c0620_0 .net "total_count", 7 0, v00000000028c1480_0;  1 drivers
E_000000000285b450 .event edge, v00000000028c0620_0;
S_0000000002842500 .scope module, "DD" "day_display" 4 47, 5 1 0, S_0000000002842370;
 .timescale -9 -10;
    .port_info 0 /INPUT 8 "day_full";
    .port_info 1 /OUTPUT 8 "HEX0";
    .port_info 2 /OUTPUT 8 "HEX1";
v00000000028c1340_0 .net "HEX0", 7 0, L_0000000002928690;  alias, 1 drivers
v00000000028c09e0_0 .net "HEX1", 7 0, L_0000000002928f50;  alias, 1 drivers
v00000000028c1ac0_0 .var "counter_ones_p", 7 0;
v00000000028c0e40_0 .var "counter_tens_p", 7 0;
v00000000028c10c0_0 .net "day_full", 7 0, v00000000028c15c0_0;  1 drivers
E_000000000285ae10 .event edge, v00000000028c10c0_0;
S_0000000002834e10 .scope module, "SS0" "SevenSeg" 5 43, 6 1 0, S_0000000002842500;
 .timescale -9 -10;
    .port_info 0 /OUTPUT 8 "HEX";
    .port_info 1 /INPUT 8 "NUM";
L_0000000002928690 .functor BUFZ 8, v000000000284f310_0, C4<00000000>, C4<00000000>, C4<00000000>;
v000000000284f130_0 .net "HEX", 7 0, L_0000000002928690;  alias, 1 drivers
v000000000284f270_0 .net "NUM", 7 0, v00000000028c1ac0_0;  1 drivers
v000000000284f310_0 .var "value", 7 0;
E_000000000285ad10 .event edge, v000000000284f270_0;
S_0000000002834fa0 .scope module, "SS1" "SevenSeg" 5 42, 6 1 0, S_0000000002842500;
 .timescale -9 -10;
    .port_info 0 /OUTPUT 8 "HEX";
    .port_info 1 /INPUT 8 "NUM";
L_0000000002928f50 .functor BUFZ 8, v00000000028c0f80_0, C4<00000000>, C4<00000000>, C4<00000000>;
v00000000028c1c00_0 .net "HEX", 7 0, L_0000000002928f50;  alias, 1 drivers
v00000000028c1020_0 .net "NUM", 7 0, v00000000028c0e40_0;  1 drivers
v00000000028c0f80_0 .var "value", 7 0;
E_000000000285b350 .event edge, v00000000028c1020_0;
S_000000000283c6f0 .scope module, "SS2" "SevenSeg" 4 45, 6 1 0, S_0000000002842370;
 .timescale -9 -10;
    .port_info 0 /OUTPUT 8 "HEX";
    .port_info 1 /INPUT 8 "NUM";
L_0000000002928a80 .functor BUFZ 8, v00000000028c0300_0, C4<00000000>, C4<00000000>, C4<00000000>;
v00000000028c0ee0_0 .net "HEX", 7 0, L_0000000002928a80;  alias, 1 drivers
v00000000028c1e80_0 .net "NUM", 7 0, v00000000028c12a0_0;  1 drivers
v00000000028c0300_0 .var "value", 7 0;
E_000000000285b990 .event edge, v00000000028c1e80_0;
S_000000000283c880 .scope module, "SS3" "SevenSeg" 4 44, 6 1 0, S_0000000002842370;
 .timescale -9 -10;
    .port_info 0 /OUTPUT 8 "HEX";
    .port_info 1 /INPUT 8 "NUM";
L_000000000283a830 .functor BUFZ 8, v00000000028c17a0_0, C4<00000000>, C4<00000000>, C4<00000000>;
v00000000028c1160_0 .net "HEX", 7 0, L_000000000283a830;  alias, 1 drivers
L_00000000028e0088 .functor BUFT 1, C4<01011000>, C4<0>, C4<0>, C4<0>;
v00000000028c0940_0 .net "NUM", 7 0, L_00000000028e0088;  1 drivers
v00000000028c17a0_0 .var "value", 7 0;
E_000000000285b9d0 .event edge, v00000000028c0940_0;
S_000000000282d300 .scope module, "W0" "SevenSeg" 3 60, 6 1 0, S_000000000283dd60;
 .timescale -9 -10;
    .port_info 0 /OUTPUT 8 "HEX";
    .port_info 1 /INPUT 8 "NUM";
L_000000000284d740 .functor BUFZ 8, v00000000028c1de0_0, C4<00000000>, C4<00000000>, C4<00000000>;
v00000000028c06c0_0 .net "HEX", 7 0, L_000000000284d740;  alias, 1 drivers
v00000000028c1ca0_0 .net "NUM", 7 0, v00000000028c0440_0;  1 drivers
v00000000028c1de0_0 .var "value", 7 0;
E_000000000285bbd0 .event edge, v00000000028c1ca0_0;
S_000000000282d490 .scope module, "W1" "SevenSeg" 3 61, 6 1 0, S_000000000283dd60;
 .timescale -9 -10;
    .port_info 0 /OUTPUT 8 "HEX";
    .port_info 1 /INPUT 8 "NUM";
L_000000000284d510 .functor BUFZ 8, v00000000028c0080_0, C4<00000000>, C4<00000000>, C4<00000000>;
v00000000028c0760_0 .net "HEX", 7 0, L_000000000284d510;  alias, 1 drivers
v00000000028c1f20_0 .net "NUM", 7 0, v00000000028c0260_0;  1 drivers
v00000000028c0080_0 .var "value", 7 0;
E_000000000285b1d0 .event edge, v00000000028c1f20_0;
S_00000000011c6880 .scope module, "CC0" "clock_choice" 2 72, 7 1 0, S_0000000002867a50;
 .timescale -9 -10;
    .port_info 0 /INPUT 1 "select";
    .port_info 1 /INPUT 1 "latch";
    .port_info 2 /OUTPUT 1 "s_clk";
    .port_info 3 /INPUT 1 "s1";
    .port_info 4 /INPUT 1 "s2";
L_000000000284de40 .functor BUFZ 1, v00000000028c08a0_0, C4<0>, C4<0>, C4<0>;
L_000000000284d430 .functor BUFZ 1, v00000000028c08a0_0, C4<0>, C4<0>, C4<0>;
v00000000028c08a0_0 .var "SCLK", 0 0;
v00000000028c0a80_0 .net "latch", 0 0, v00000000028c3df0_0;  alias, 1 drivers
v00000000028c0bc0_0 .net "s1", 0 0, L_000000000284d6d0;  alias, 1 drivers
v00000000028c1700_0 .net "s2", 0 0, L_000000000284d3c0;  alias, 1 drivers
v00000000028c0da0_0 .net8 "s_clk", 0 0, RS_0000000002868698;  alias, 2 drivers
v00000000028c1840_0 .net "select", 0 0, L_000000000284dba0;  alias, 1 drivers
E_000000000285b250 .event edge, v00000000028c1840_0;
S_00000000011c6a10 .scope module, "CD0" "clock_divider" 2 69, 8 1 0, S_0000000002867a50;
 .timescale -9 -10;
    .port_info 0 /INPUT 1 "clk";
    .port_info 1 /INPUT 1 "reset_n";
    .port_info 2 /OUTPUT 1 "slower_clk";
P_000000000285b390 .param/l "clk_div" 0 8 9, +C4<00000000000011110100001001000000>;
L_000000000284d6d0 .functor BUFZ 1, v00000000028c3a30_0, C4<0>, C4<0>, C4<0>;
v00000000028c0c60_0 .net "clk", 0 0, o0000000002868a58;  alias, 0 drivers
v00000000028c18e0_0 .var "div_cntr", 23 0;
v00000000028c1980_0 .net "reset_n", 0 0, v00000000028c3df0_0;  alias, 1 drivers
v00000000028c1a20_0 .net "slower_clk", 0 0, L_000000000284d6d0;  alias, 1 drivers
v00000000028c3a30_0 .var "slw_clk", 0 0;
E_000000000285b550/0 .event negedge, v00000000028c0800_0;
E_000000000285b550/1 .event posedge, v00000000028c0c60_0;
E_000000000285b550 .event/or E_000000000285b550/0, E_000000000285b550/1;
S_00000000011cb8e0 .scope module, "CD1" "clock_divider" 2 70, 8 1 0, S_0000000002867a50;
 .timescale -9 -10;
    .port_info 0 /INPUT 1 "clk";
    .port_info 1 /INPUT 1 "reset_n";
    .port_info 2 /OUTPUT 1 "slower_clk";
P_000000000285b590 .param/l "clk_div" 0 8 9, +C4<00000000010011000100101101000000>;
L_000000000284d3c0 .functor BUFZ 1, v00000000028c38f0_0, C4<0>, C4<0>, C4<0>;
v00000000028c3490_0 .net "clk", 0 0, o0000000002868a58;  alias, 0 drivers
v00000000028c2e50_0 .var "div_cntr", 23 0;
v00000000028c2810_0 .net "reset_n", 0 0, v00000000028c3df0_0;  alias, 1 drivers
v00000000028c2770_0 .net "slower_clk", 0 0, L_000000000284d3c0;  alias, 1 drivers
v00000000028c38f0_0 .var "slw_clk", 0 0;
S_000000000283dbd0 .scope module, "TB_clock_divider" "TB_clock_divider" 9 3;
 .timescale -9 -10;
v00000000028c3710_0 .var "Rn", 0 0;
v00000000028c2270_0 .net "SCLK", 0 0, L_0000000002928bd0;  1 drivers
v00000000028c2ef0_0 .var "clk", 0 0;
S_00000000011cba70 .scope module, "CD0" "clock_divider" 9 9, 8 1 0, S_000000000283dbd0;
 .timescale -9 -10;
    .port_info 0 /INPUT 1 "clk";
    .port_info 1 /INPUT 1 "reset_n";
    .port_info 2 /OUTPUT 1 "slower_clk";
P_000000000285b7d0 .param/l "clk_div" 0 8 9, +C4<00000000000000000000000000000101>;
L_0000000002928bd0 .functor BUFZ 1, v00000000028c3670_0, C4<0>, C4<0>, C4<0>;
v00000000028c2db0_0 .net "clk", 0 0, v00000000028c2ef0_0;  1 drivers
v00000000028c2090_0 .var "div_cntr", 23 0;
v00000000028c3f30_0 .net "reset_n", 0 0, v00000000028c3710_0;  1 drivers
v00000000028c2630_0 .net "slower_clk", 0 0, L_0000000002928bd0;  alias, 1 drivers
v00000000028c3670_0 .var "slw_clk", 0 0;
E_000000000285b690/0 .event negedge, v00000000028c3f30_0;
E_000000000285b690/1 .event posedge, v00000000028c2db0_0;
E_000000000285b690 .event/or E_000000000285b690/0, E_000000000285b690/1;
    .scope S_00000000011c6a10;
T_0 ;
    %wait E_000000000285b550;
    %load/vec4 v00000000028c1980_0;
    %pad/u 32;
    %cmpi/e 0, 0, 32;
    %jmp/0xz  T_0.0, 4;
    %pushi/vec4 0, 0, 24;
    %assign/vec4 v00000000028c18e0_0, 0;
    %jmp T_0.1;
T_0.0 ;
    %load/vec4 v00000000028c18e0_0;
    %pad/u 32;
    %cmpi/e 999999, 0, 32;
    %jmp/0xz  T_0.2, 4;
    %pushi/vec4 0, 0, 24;
    %assign/vec4 v00000000028c18e0_0, 0;
    %load/vec4 v00000000028c3a30_0;
    %inv;
    %assign/vec4 v00000000028c3a30_0, 0;
    %jmp T_0.3;
T_0.2 ;
    %load/vec4 v00000000028c18e0_0;
    %addi 1, 0, 24;
    %assign/vec4 v00000000028c18e0_0, 0;
T_0.3 ;
T_0.1 ;
    %jmp T_0;
    .thread T_0;
    .scope S_00000000011cb8e0;
T_1 ;
    %wait E_000000000285b550;
    %load/vec4 v00000000028c2810_0;
    %pad/u 32;
    %cmpi/e 0, 0, 32;
    %jmp/0xz  T_1.0, 4;
    %pushi/vec4 0, 0, 24;
    %assign/vec4 v00000000028c2e50_0, 0;
    %jmp T_1.1;
T_1.0 ;
    %load/vec4 v00000000028c2e50_0;
    %pad/u 32;
    %cmpi/e 4999999, 0, 32;
    %jmp/0xz  T_1.2, 4;
    %pushi/vec4 0, 0, 24;
    %assign/vec4 v00000000028c2e50_0, 0;
    %load/vec4 v00000000028c38f0_0;
    %inv;
    %assign/vec4 v00000000028c38f0_0, 0;
    %jmp T_1.3;
T_1.2 ;
    %load/vec4 v00000000028c2e50_0;
    %addi 1, 0, 24;
    %assign/vec4 v00000000028c2e50_0, 0;
T_1.3 ;
T_1.1 ;
    %jmp T_1;
    .thread T_1;
    .scope S_00000000011c6880;
T_2 ;
    %wait E_000000000285b250;
    %load/vec4 v00000000028c1840_0;
    %dup/vec4;
    %pushi/vec4 0, 0, 1;
    %cmp/u;
    %jmp/1 T_2.0, 6;
    %dup/vec4;
    %pushi/vec4 1, 0, 1;
    %cmp/u;
    %jmp/1 T_2.1, 6;
    %jmp T_2.2;
T_2.0 ;
    %load/vec4 v00000000028c0bc0_0;
    %store/vec4 v00000000028c08a0_0, 0, 1;
    %jmp T_2.2;
T_2.1 ;
    %load/vec4 v00000000028c1700_0;
    %store/vec4 v00000000028c08a0_0, 0, 1;
    %jmp T_2.2;
T_2.2 ;
    %pop/vec4 1;
    %jmp T_2;
    .thread T_2, $push;
    .scope S_000000000282d300;
T_3 ;
    %wait E_000000000285bbd0;
    %load/vec4 v00000000028c1ca0_0;
    %dup/vec4;
    %pushi/vec4 0, 0, 8;
    %cmp/u;
    %jmp/1 T_3.0, 6;
    %dup/vec4;
    %pushi/vec4 1, 0, 8;
    %cmp/u;
    %jmp/1 T_3.1, 6;
    %dup/vec4;
    %pushi/vec4 2, 0, 8;
    %cmp/u;
    %jmp/1 T_3.2, 6;
    %dup/vec4;
    %pushi/vec4 3, 0, 8;
    %cmp/u;
    %jmp/1 T_3.3, 6;
    %dup/vec4;
    %pushi/vec4 4, 0, 8;
    %cmp/u;
    %jmp/1 T_3.4, 6;
    %dup/vec4;
    %pushi/vec4 5, 0, 8;
    %cmp/u;
    %jmp/1 T_3.5, 6;
    %dup/vec4;
    %pushi/vec4 6, 0, 8;
    %cmp/u;
    %jmp/1 T_3.6, 6;
    %dup/vec4;
    %pushi/vec4 7, 0, 8;
    %cmp/u;
    %jmp/1 T_3.7, 6;
    %dup/vec4;
    %pushi/vec4 8, 0, 8;
    %cmp/u;
    %jmp/1 T_3.8, 6;
    %dup/vec4;
    %pushi/vec4 9, 0, 8;
    %cmp/u;
    %jmp/1 T_3.9, 6;
    %dup/vec4;
    %pushi/vec4 88, 0, 8;
    %cmp/u;
    %jmp/1 T_3.10, 6;
    %jmp T_3.11;
T_3.0 ;
    %pushi/vec4 192, 0, 8;
    %store/vec4 v00000000028c1de0_0, 0, 8;
    %jmp T_3.11;
T_3.1 ;
    %pushi/vec4 249, 0, 8;
    %store/vec4 v00000000028c1de0_0, 0, 8;
    %jmp T_3.11;
T_3.2 ;
    %pushi/vec4 164, 0, 8;
    %store/vec4 v00000000028c1de0_0, 0, 8;
    %jmp T_3.11;
T_3.3 ;
    %pushi/vec4 176, 0, 8;
    %store/vec4 v00000000028c1de0_0, 0, 8;
    %jmp T_3.11;
T_3.4 ;
    %pushi/vec4 153, 0, 8;
    %store/vec4 v00000000028c1de0_0, 0, 8;
    %jmp T_3.11;
T_3.5 ;
    %pushi/vec4 146, 0, 8;
    %store/vec4 v00000000028c1de0_0, 0, 8;
    %jmp T_3.11;
T_3.6 ;
    %pushi/vec4 130, 0, 8;
    %store/vec4 v00000000028c1de0_0, 0, 8;
    %jmp T_3.11;
T_3.7 ;
    %pushi/vec4 248, 0, 8;
    %store/vec4 v00000000028c1de0_0, 0, 8;
    %jmp T_3.11;
T_3.8 ;
    %pushi/vec4 128, 0, 8;
    %store/vec4 v00000000028c1de0_0, 0, 8;
    %jmp T_3.11;
T_3.9 ;
    %pushi/vec4 152, 0, 8;
    %store/vec4 v00000000028c1de0_0, 0, 8;
    %jmp T_3.11;
T_3.10 ;
    %pushi/vec4 255, 0, 8;
    %store/vec4 v00000000028c1de0_0, 0, 8;
    %jmp T_3.11;
T_3.11 ;
    %pop/vec4 1;
    %jmp T_3;
    .thread T_3, $push;
    .scope S_000000000282d490;
T_4 ;
    %wait E_000000000285b1d0;
    %load/vec4 v00000000028c1f20_0;
    %dup/vec4;
    %pushi/vec4 0, 0, 8;
    %cmp/u;
    %jmp/1 T_4.0, 6;
    %dup/vec4;
    %pushi/vec4 1, 0, 8;
    %cmp/u;
    %jmp/1 T_4.1, 6;
    %dup/vec4;
    %pushi/vec4 2, 0, 8;
    %cmp/u;
    %jmp/1 T_4.2, 6;
    %dup/vec4;
    %pushi/vec4 3, 0, 8;
    %cmp/u;
    %jmp/1 T_4.3, 6;
    %dup/vec4;
    %pushi/vec4 4, 0, 8;
    %cmp/u;
    %jmp/1 T_4.4, 6;
    %dup/vec4;
    %pushi/vec4 5, 0, 8;
    %cmp/u;
    %jmp/1 T_4.5, 6;
    %dup/vec4;
    %pushi/vec4 6, 0, 8;
    %cmp/u;
    %jmp/1 T_4.6, 6;
    %dup/vec4;
    %pushi/vec4 7, 0, 8;
    %cmp/u;
    %jmp/1 T_4.7, 6;
    %dup/vec4;
    %pushi/vec4 8, 0, 8;
    %cmp/u;
    %jmp/1 T_4.8, 6;
    %dup/vec4;
    %pushi/vec4 9, 0, 8;
    %cmp/u;
    %jmp/1 T_4.9, 6;
    %dup/vec4;
    %pushi/vec4 88, 0, 8;
    %cmp/u;
    %jmp/1 T_4.10, 6;
    %jmp T_4.11;
T_4.0 ;
    %pushi/vec4 192, 0, 8;
    %store/vec4 v00000000028c0080_0, 0, 8;
    %jmp T_4.11;
T_4.1 ;
    %pushi/vec4 249, 0, 8;
    %store/vec4 v00000000028c0080_0, 0, 8;
    %jmp T_4.11;
T_4.2 ;
    %pushi/vec4 164, 0, 8;
    %store/vec4 v00000000028c0080_0, 0, 8;
    %jmp T_4.11;
T_4.3 ;
    %pushi/vec4 176, 0, 8;
    %store/vec4 v00000000028c0080_0, 0, 8;
    %jmp T_4.11;
T_4.4 ;
    %pushi/vec4 153, 0, 8;
    %store/vec4 v00000000028c0080_0, 0, 8;
    %jmp T_4.11;
T_4.5 ;
    %pushi/vec4 146, 0, 8;
    %store/vec4 v00000000028c0080_0, 0, 8;
    %jmp T_4.11;
T_4.6 ;
    %pushi/vec4 130, 0, 8;
    %store/vec4 v00000000028c0080_0, 0, 8;
    %jmp T_4.11;
T_4.7 ;
    %pushi/vec4 248, 0, 8;
    %store/vec4 v00000000028c0080_0, 0, 8;
    %jmp T_4.11;
T_4.8 ;
    %pushi/vec4 128, 0, 8;
    %store/vec4 v00000000028c0080_0, 0, 8;
    %jmp T_4.11;
T_4.9 ;
    %pushi/vec4 152, 0, 8;
    %store/vec4 v00000000028c0080_0, 0, 8;
    %jmp T_4.11;
T_4.10 ;
    %pushi/vec4 255, 0, 8;
    %store/vec4 v00000000028c0080_0, 0, 8;
    %jmp T_4.11;
T_4.11 ;
    %pop/vec4 1;
    %jmp T_4;
    .thread T_4, $push;
    .scope S_000000000283c880;
T_5 ;
    %wait E_000000000285b9d0;
    %load/vec4 v00000000028c0940_0;
    %dup/vec4;
    %pushi/vec4 0, 0, 8;
    %cmp/u;
    %jmp/1 T_5.0, 6;
    %dup/vec4;
    %pushi/vec4 1, 0, 8;
    %cmp/u;
    %jmp/1 T_5.1, 6;
    %dup/vec4;
    %pushi/vec4 2, 0, 8;
    %cmp/u;
    %jmp/1 T_5.2, 6;
    %dup/vec4;
    %pushi/vec4 3, 0, 8;
    %cmp/u;
    %jmp/1 T_5.3, 6;
    %dup/vec4;
    %pushi/vec4 4, 0, 8;
    %cmp/u;
    %jmp/1 T_5.4, 6;
    %dup/vec4;
    %pushi/vec4 5, 0, 8;
    %cmp/u;
    %jmp/1 T_5.5, 6;
    %dup/vec4;
    %pushi/vec4 6, 0, 8;
    %cmp/u;
    %jmp/1 T_5.6, 6;
    %dup/vec4;
    %pushi/vec4 7, 0, 8;
    %cmp/u;
    %jmp/1 T_5.7, 6;
    %dup/vec4;
    %pushi/vec4 8, 0, 8;
    %cmp/u;
    %jmp/1 T_5.8, 6;
    %dup/vec4;
    %pushi/vec4 9, 0, 8;
    %cmp/u;
    %jmp/1 T_5.9, 6;
    %dup/vec4;
    %pushi/vec4 88, 0, 8;
    %cmp/u;
    %jmp/1 T_5.10, 6;
    %jmp T_5.11;
T_5.0 ;
    %pushi/vec4 192, 0, 8;
    %store/vec4 v00000000028c17a0_0, 0, 8;
    %jmp T_5.11;
T_5.1 ;
    %pushi/vec4 249, 0, 8;
    %store/vec4 v00000000028c17a0_0, 0, 8;
    %jmp T_5.11;
T_5.2 ;
    %pushi/vec4 164, 0, 8;
    %store/vec4 v00000000028c17a0_0, 0, 8;
    %jmp T_5.11;
T_5.3 ;
    %pushi/vec4 176, 0, 8;
    %store/vec4 v00000000028c17a0_0, 0, 8;
    %jmp T_5.11;
T_5.4 ;
    %pushi/vec4 153, 0, 8;
    %store/vec4 v00000000028c17a0_0, 0, 8;
    %jmp T_5.11;
T_5.5 ;
    %pushi/vec4 146, 0, 8;
    %store/vec4 v00000000028c17a0_0, 0, 8;
    %jmp T_5.11;
T_5.6 ;
    %pushi/vec4 130, 0, 8;
    %store/vec4 v00000000028c17a0_0, 0, 8;
    %jmp T_5.11;
T_5.7 ;
    %pushi/vec4 248, 0, 8;
    %store/vec4 v00000000028c17a0_0, 0, 8;
    %jmp T_5.11;
T_5.8 ;
    %pushi/vec4 128, 0, 8;
    %store/vec4 v00000000028c17a0_0, 0, 8;
    %jmp T_5.11;
T_5.9 ;
    %pushi/vec4 152, 0, 8;
    %store/vec4 v00000000028c17a0_0, 0, 8;
    %jmp T_5.11;
T_5.10 ;
    %pushi/vec4 255, 0, 8;
    %store/vec4 v00000000028c17a0_0, 0, 8;
    %jmp T_5.11;
T_5.11 ;
    %pop/vec4 1;
    %jmp T_5;
    .thread T_5, $push;
    .scope S_000000000283c6f0;
T_6 ;
    %wait E_000000000285b990;
    %load/vec4 v00000000028c1e80_0;
    %dup/vec4;
    %pushi/vec4 0, 0, 8;
    %cmp/u;
    %jmp/1 T_6.0, 6;
    %dup/vec4;
    %pushi/vec4 1, 0, 8;
    %cmp/u;
    %jmp/1 T_6.1, 6;
    %dup/vec4;
    %pushi/vec4 2, 0, 8;
    %cmp/u;
    %jmp/1 T_6.2, 6;
    %dup/vec4;
    %pushi/vec4 3, 0, 8;
    %cmp/u;
    %jmp/1 T_6.3, 6;
    %dup/vec4;
    %pushi/vec4 4, 0, 8;
    %cmp/u;
    %jmp/1 T_6.4, 6;
    %dup/vec4;
    %pushi/vec4 5, 0, 8;
    %cmp/u;
    %jmp/1 T_6.5, 6;
    %dup/vec4;
    %pushi/vec4 6, 0, 8;
    %cmp/u;
    %jmp/1 T_6.6, 6;
    %dup/vec4;
    %pushi/vec4 7, 0, 8;
    %cmp/u;
    %jmp/1 T_6.7, 6;
    %dup/vec4;
    %pushi/vec4 8, 0, 8;
    %cmp/u;
    %jmp/1 T_6.8, 6;
    %dup/vec4;
    %pushi/vec4 9, 0, 8;
    %cmp/u;
    %jmp/1 T_6.9, 6;
    %dup/vec4;
    %pushi/vec4 88, 0, 8;
    %cmp/u;
    %jmp/1 T_6.10, 6;
    %jmp T_6.11;
T_6.0 ;
    %pushi/vec4 192, 0, 8;
    %store/vec4 v00000000028c0300_0, 0, 8;
    %jmp T_6.11;
T_6.1 ;
    %pushi/vec4 249, 0, 8;
    %store/vec4 v00000000028c0300_0, 0, 8;
    %jmp T_6.11;
T_6.2 ;
    %pushi/vec4 164, 0, 8;
    %store/vec4 v00000000028c0300_0, 0, 8;
    %jmp T_6.11;
T_6.3 ;
    %pushi/vec4 176, 0, 8;
    %store/vec4 v00000000028c0300_0, 0, 8;
    %jmp T_6.11;
T_6.4 ;
    %pushi/vec4 153, 0, 8;
    %store/vec4 v00000000028c0300_0, 0, 8;
    %jmp T_6.11;
T_6.5 ;
    %pushi/vec4 146, 0, 8;
    %store/vec4 v00000000028c0300_0, 0, 8;
    %jmp T_6.11;
T_6.6 ;
    %pushi/vec4 130, 0, 8;
    %store/vec4 v00000000028c0300_0, 0, 8;
    %jmp T_6.11;
T_6.7 ;
    %pushi/vec4 248, 0, 8;
    %store/vec4 v00000000028c0300_0, 0, 8;
    %jmp T_6.11;
T_6.8 ;
    %pushi/vec4 128, 0, 8;
    %store/vec4 v00000000028c0300_0, 0, 8;
    %jmp T_6.11;
T_6.9 ;
    %pushi/vec4 152, 0, 8;
    %store/vec4 v00000000028c0300_0, 0, 8;
    %jmp T_6.11;
T_6.10 ;
    %pushi/vec4 255, 0, 8;
    %store/vec4 v00000000028c0300_0, 0, 8;
    %jmp T_6.11;
T_6.11 ;
    %pop/vec4 1;
    %jmp T_6;
    .thread T_6, $push;
    .scope S_0000000002834fa0;
T_7 ;
    %wait E_000000000285b350;
    %load/vec4 v00000000028c1020_0;
    %dup/vec4;
    %pushi/vec4 0, 0, 8;
    %cmp/u;
    %jmp/1 T_7.0, 6;
    %dup/vec4;
    %pushi/vec4 1, 0, 8;
    %cmp/u;
    %jmp/1 T_7.1, 6;
    %dup/vec4;
    %pushi/vec4 2, 0, 8;
    %cmp/u;
    %jmp/1 T_7.2, 6;
    %dup/vec4;
    %pushi/vec4 3, 0, 8;
    %cmp/u;
    %jmp/1 T_7.3, 6;
    %dup/vec4;
    %pushi/vec4 4, 0, 8;
    %cmp/u;
    %jmp/1 T_7.4, 6;
    %dup/vec4;
    %pushi/vec4 5, 0, 8;
    %cmp/u;
    %jmp/1 T_7.5, 6;
    %dup/vec4;
    %pushi/vec4 6, 0, 8;
    %cmp/u;
    %jmp/1 T_7.6, 6;
    %dup/vec4;
    %pushi/vec4 7, 0, 8;
    %cmp/u;
    %jmp/1 T_7.7, 6;
    %dup/vec4;
    %pushi/vec4 8, 0, 8;
    %cmp/u;
    %jmp/1 T_7.8, 6;
    %dup/vec4;
    %pushi/vec4 9, 0, 8;
    %cmp/u;
    %jmp/1 T_7.9, 6;
    %dup/vec4;
    %pushi/vec4 88, 0, 8;
    %cmp/u;
    %jmp/1 T_7.10, 6;
    %jmp T_7.11;
T_7.0 ;
    %pushi/vec4 192, 0, 8;
    %store/vec4 v00000000028c0f80_0, 0, 8;
    %jmp T_7.11;
T_7.1 ;
    %pushi/vec4 249, 0, 8;
    %store/vec4 v00000000028c0f80_0, 0, 8;
    %jmp T_7.11;
T_7.2 ;
    %pushi/vec4 164, 0, 8;
    %store/vec4 v00000000028c0f80_0, 0, 8;
    %jmp T_7.11;
T_7.3 ;
    %pushi/vec4 176, 0, 8;
    %store/vec4 v00000000028c0f80_0, 0, 8;
    %jmp T_7.11;
T_7.4 ;
    %pushi/vec4 153, 0, 8;
    %store/vec4 v00000000028c0f80_0, 0, 8;
    %jmp T_7.11;
T_7.5 ;
    %pushi/vec4 146, 0, 8;
    %store/vec4 v00000000028c0f80_0, 0, 8;
    %jmp T_7.11;
T_7.6 ;
    %pushi/vec4 130, 0, 8;
    %store/vec4 v00000000028c0f80_0, 0, 8;
    %jmp T_7.11;
T_7.7 ;
    %pushi/vec4 248, 0, 8;
    %store/vec4 v00000000028c0f80_0, 0, 8;
    %jmp T_7.11;
T_7.8 ;
    %pushi/vec4 128, 0, 8;
    %store/vec4 v00000000028c0f80_0, 0, 8;
    %jmp T_7.11;
T_7.9 ;
    %pushi/vec4 152, 0, 8;
    %store/vec4 v00000000028c0f80_0, 0, 8;
    %jmp T_7.11;
T_7.10 ;
    %pushi/vec4 255, 0, 8;
    %store/vec4 v00000000028c0f80_0, 0, 8;
    %jmp T_7.11;
T_7.11 ;
    %pop/vec4 1;
    %jmp T_7;
    .thread T_7, $push;
    .scope S_0000000002834e10;
T_8 ;
    %wait E_000000000285ad10;
    %load/vec4 v000000000284f270_0;
    %dup/vec4;
    %pushi/vec4 0, 0, 8;
    %cmp/u;
    %jmp/1 T_8.0, 6;
    %dup/vec4;
    %pushi/vec4 1, 0, 8;
    %cmp/u;
    %jmp/1 T_8.1, 6;
    %dup/vec4;
    %pushi/vec4 2, 0, 8;
    %cmp/u;
    %jmp/1 T_8.2, 6;
    %dup/vec4;
    %pushi/vec4 3, 0, 8;
    %cmp/u;
    %jmp/1 T_8.3, 6;
    %dup/vec4;
    %pushi/vec4 4, 0, 8;
    %cmp/u;
    %jmp/1 T_8.4, 6;
    %dup/vec4;
    %pushi/vec4 5, 0, 8;
    %cmp/u;
    %jmp/1 T_8.5, 6;
    %dup/vec4;
    %pushi/vec4 6, 0, 8;
    %cmp/u;
    %jmp/1 T_8.6, 6;
    %dup/vec4;
    %pushi/vec4 7, 0, 8;
    %cmp/u;
    %jmp/1 T_8.7, 6;
    %dup/vec4;
    %pushi/vec4 8, 0, 8;
    %cmp/u;
    %jmp/1 T_8.8, 6;
    %dup/vec4;
    %pushi/vec4 9, 0, 8;
    %cmp/u;
    %jmp/1 T_8.9, 6;
    %dup/vec4;
    %pushi/vec4 88, 0, 8;
    %cmp/u;
    %jmp/1 T_8.10, 6;
    %jmp T_8.11;
T_8.0 ;
    %pushi/vec4 192, 0, 8;
    %store/vec4 v000000000284f310_0, 0, 8;
    %jmp T_8.11;
T_8.1 ;
    %pushi/vec4 249, 0, 8;
    %store/vec4 v000000000284f310_0, 0, 8;
    %jmp T_8.11;
T_8.2 ;
    %pushi/vec4 164, 0, 8;
    %store/vec4 v000000000284f310_0, 0, 8;
    %jmp T_8.11;
T_8.3 ;
    %pushi/vec4 176, 0, 8;
    %store/vec4 v000000000284f310_0, 0, 8;
    %jmp T_8.11;
T_8.4 ;
    %pushi/vec4 153, 0, 8;
    %store/vec4 v000000000284f310_0, 0, 8;
    %jmp T_8.11;
T_8.5 ;
    %pushi/vec4 146, 0, 8;
    %store/vec4 v000000000284f310_0, 0, 8;
    %jmp T_8.11;
T_8.6 ;
    %pushi/vec4 130, 0, 8;
    %store/vec4 v000000000284f310_0, 0, 8;
    %jmp T_8.11;
T_8.7 ;
    %pushi/vec4 248, 0, 8;
    %store/vec4 v000000000284f310_0, 0, 8;
    %jmp T_8.11;
T_8.8 ;
    %pushi/vec4 128, 0, 8;
    %store/vec4 v000000000284f310_0, 0, 8;
    %jmp T_8.11;
T_8.9 ;
    %pushi/vec4 152, 0, 8;
    %store/vec4 v000000000284f310_0, 0, 8;
    %jmp T_8.11;
T_8.10 ;
    %pushi/vec4 255, 0, 8;
    %store/vec4 v000000000284f310_0, 0, 8;
    %jmp T_8.11;
T_8.11 ;
    %pop/vec4 1;
    %jmp T_8;
    .thread T_8, $push;
    .scope S_0000000002842500;
T_9 ;
    %wait E_000000000285ae10;
    %load/vec4 v00000000028c10c0_0;
    %cmpi/u 9, 0, 8;
    %flag_or 5, 4;
    %jmp/0xz  T_9.0, 5;
    %pushi/vec4 88, 0, 8;
    %assign/vec4 v00000000028c0e40_0, 0;
    %load/vec4 v00000000028c10c0_0;
    %assign/vec4 v00000000028c1ac0_0, 0;
    %jmp T_9.1;
T_9.0 ;
    %load/vec4 v00000000028c10c0_0;
    %cmpi/u 19, 0, 8;
    %flag_or 5, 4;
    %jmp/0xz  T_9.2, 5;
    %pushi/vec4 1, 0, 8;
    %assign/vec4 v00000000028c0e40_0, 0;
    %load/vec4 v00000000028c10c0_0;
    %subi 10, 0, 8;
    %assign/vec4 v00000000028c1ac0_0, 0;
    %jmp T_9.3;
T_9.2 ;
    %load/vec4 v00000000028c10c0_0;
    %cmpi/u 29, 0, 8;
    %flag_or 5, 4;
    %jmp/0xz  T_9.4, 5;
    %pushi/vec4 2, 0, 8;
    %assign/vec4 v00000000028c0e40_0, 0;
    %load/vec4 v00000000028c10c0_0;
    %subi 20, 0, 8;
    %assign/vec4 v00000000028c1ac0_0, 0;
    %jmp T_9.5;
T_9.4 ;
    %load/vec4 v00000000028c10c0_0;
    %cmpi/u 39, 0, 8;
    %flag_or 5, 4;
    %jmp/0xz  T_9.6, 5;
    %pushi/vec4 3, 0, 8;
    %assign/vec4 v00000000028c0e40_0, 0;
    %load/vec4 v00000000028c10c0_0;
    %subi 30, 0, 8;
    %assign/vec4 v00000000028c1ac0_0, 0;
    %jmp T_9.7;
T_9.6 ;
    %pushi/vec4 88, 0, 8;
    %assign/vec4 v00000000028c0e40_0, 0;
    %pushi/vec4 88, 0, 8;
    %assign/vec4 v00000000028c0e40_0, 0;
T_9.7 ;
T_9.5 ;
T_9.3 ;
T_9.1 ;
    %jmp T_9;
    .thread T_9, $push;
    .scope S_0000000002842370;
T_10 ;
    %wait E_000000000285b450;
    %load/vec4 v00000000028c0620_0;
    %cmpi/u 31, 0, 8;
    %flag_or 5, 4;
    %jmp/0xz  T_10.0, 5;
    %pushi/vec4 1, 0, 8;
    %assign/vec4 v00000000028c12a0_0, 0;
    %load/vec4 v00000000028c0620_0;
    %assign/vec4 v00000000028c15c0_0, 0;
    %jmp T_10.1;
T_10.0 ;
    %load/vec4 v00000000028c0620_0;
    %pushi/vec4 31, 0, 8;
    %load/vec4 v00000000028c1b60_0;
    %add;
    %cmp/u;
    %flag_or 5, 4;
    %jmp/0xz  T_10.2, 5;
    %pushi/vec4 2, 0, 8;
    %assign/vec4 v00000000028c12a0_0, 0;
    %load/vec4 v00000000028c0620_0;
    %subi 31, 0, 8;
    %assign/vec4 v00000000028c15c0_0, 0;
    %jmp T_10.3;
T_10.2 ;
    %load/vec4 v00000000028c0620_0;
    %pushi/vec4 31, 0, 8;
    %load/vec4 v00000000028c1b60_0;
    %add;
    %addi 31, 0, 8;
    %cmp/u;
    %flag_or 5, 4;
    %jmp/0xz  T_10.4, 5;
    %pushi/vec4 3, 0, 8;
    %assign/vec4 v00000000028c12a0_0, 0;
    %load/vec4 v00000000028c0620_0;
    %pushi/vec4 31, 0, 8;
    %load/vec4 v00000000028c1b60_0;
    %add;
    %sub;
    %assign/vec4 v00000000028c15c0_0, 0;
    %jmp T_10.5;
T_10.4 ;
    %pushi/vec4 4, 0, 8;
    %assign/vec4 v00000000028c12a0_0, 0;
    %load/vec4 v00000000028c0620_0;
    %pushi/vec4 31, 0, 8;
    %load/vec4 v00000000028c1b60_0;
    %add;
    %addi 31, 0, 8;
    %sub;
    %assign/vec4 v00000000028c15c0_0, 0;
T_10.5 ;
T_10.3 ;
T_10.1 ;
    %jmp T_10;
    .thread T_10, $push;
    .scope S_000000000283dd60;
T_11 ;
    %wait E_000000000285b510;
    %load/vec4 v00000000028c0800_0;
    %pad/u 32;
    %cmpi/e 0, 0, 32;
    %jmp/0xz  T_11.0, 4;
    %pushi/vec4 88, 0, 8;
    %assign/vec4 v00000000028c0440_0, 0;
    %pushi/vec4 1, 0, 8;
    %assign/vec4 v00000000028c0260_0, 0;
    %pushi/vec4 1, 0, 8;
    %assign/vec4 v00000000028c1480_0, 0;
    %jmp T_11.1;
T_11.0 ;
    %load/vec4 v00000000028c0260_0;
    %cmpi/ne 9, 0, 8;
    %jmp/0xz  T_11.2, 4;
    %load/vec4 v00000000028c0260_0;
    %addi 1, 0, 8;
    %assign/vec4 v00000000028c0260_0, 0;
    %load/vec4 v00000000028c1480_0;
    %addi 1, 0, 8;
    %assign/vec4 v00000000028c1480_0, 0;
    %jmp T_11.3;
T_11.2 ;
    %load/vec4 v00000000028c0260_0;
    %cmpi/e 9, 0, 8;
    %jmp/0xz  T_11.4, 4;
    %load/vec4 v00000000028c0440_0;
    %cmpi/e 88, 0, 8;
    %jmp/0xz  T_11.6, 4;
    %pushi/vec4 1, 0, 8;
    %assign/vec4 v00000000028c0440_0, 0;
    %pushi/vec4 0, 0, 8;
    %assign/vec4 v00000000028c0260_0, 0;
    %load/vec4 v00000000028c1480_0;
    %addi 1, 0, 8;
    %assign/vec4 v00000000028c1480_0, 0;
    %jmp T_11.7;
T_11.6 ;
    %load/vec4 v00000000028c0440_0;
    %cmpi/e 9, 0, 8;
    %jmp/0xz  T_11.8, 4;
    %pushi/vec4 88, 0, 8;
    %assign/vec4 v00000000028c0440_0, 0;
    %pushi/vec4 1, 0, 8;
    %assign/vec4 v00000000028c0260_0, 0;
    %pushi/vec4 1, 0, 8;
    %assign/vec4 v00000000028c1480_0, 0;
    %jmp T_11.9;
T_11.8 ;
    %load/vec4 v00000000028c0440_0;
    %addi 1, 0, 8;
    %assign/vec4 v00000000028c0440_0, 0;
    %pushi/vec4 0, 0, 8;
    %assign/vec4 v00000000028c0260_0, 0;
    %load/vec4 v00000000028c1480_0;
    %addi 1, 0, 8;
    %assign/vec4 v00000000028c1480_0, 0;
T_11.9 ;
T_11.7 ;
T_11.4 ;
T_11.3 ;
T_11.1 ;
    %jmp T_11;
    .thread T_11;
    .scope S_0000000002867a50;
T_12 ;
    %pushi/vec4 1, 0, 1;
    %store/vec4 v00000000028c2b30_0, 0, 1;
    %pushi/vec4 0, 0, 1;
    %store/vec4 v00000000028c3df0_0, 0, 1;
    %end;
    .thread T_12;
    .scope S_0000000002867a50;
T_13 ;
    %wait E_000000000285add0;
    %load/vec4 v00000000028c2950_0;
    %parti/s 1, 9, 5;
    %pad/u 32;
    %cmpi/e 1, 0, 32;
    %jmp/0xz  T_13.0, 4;
    %pushi/vec4 29, 0, 8;
    %assign/vec4 v00000000028c3d50_0, 0;
    %jmp T_13.1;
T_13.0 ;
    %pushi/vec4 28, 0, 8;
    %assign/vec4 v00000000028c3d50_0, 0;
T_13.1 ;
    %jmp T_13;
    .thread T_13, $push;
    .scope S_0000000002867a50;
T_14 ;
    %wait E_000000000285b310;
    %load/vec4 v00000000028c2b30_0;
    %inv;
    %assign/vec4 v00000000028c2b30_0, 0;
    %jmp T_14;
    .thread T_14;
    .scope S_0000000002867a50;
T_15 ;
    %wait E_000000000285b910;
    %load/vec4 v00000000028c3df0_0;
    %inv;
    %assign/vec4 v00000000028c3df0_0, 0;
    %jmp T_15;
    .thread T_15;
    .scope S_00000000011cba70;
T_16 ;
    %wait E_000000000285b690;
    %load/vec4 v00000000028c3f30_0;
    %pad/u 32;
    %cmpi/e 0, 0, 32;
    %jmp/0xz  T_16.0, 4;
    %pushi/vec4 0, 0, 24;
    %assign/vec4 v00000000028c2090_0, 0;
    %jmp T_16.1;
T_16.0 ;
    %load/vec4 v00000000028c2090_0;
    %pad/u 32;
    %cmpi/e 4, 0, 32;
    %jmp/0xz  T_16.2, 4;
    %pushi/vec4 0, 0, 24;
    %assign/vec4 v00000000028c2090_0, 0;
    %load/vec4 v00000000028c3670_0;
    %inv;
    %assign/vec4 v00000000028c3670_0, 0;
    %jmp T_16.3;
T_16.2 ;
    %load/vec4 v00000000028c2090_0;
    %addi 1, 0, 24;
    %assign/vec4 v00000000028c2090_0, 0;
T_16.3 ;
T_16.1 ;
    %jmp T_16;
    .thread T_16;
    .scope S_000000000283dbd0;
T_17 ;
    %pushi/vec4 0, 0, 1;
    %store/vec4 v00000000028c2ef0_0, 0, 1;
    %pushi/vec4 0, 0, 1;
    %store/vec4 v00000000028c3710_0, 0, 1;
    %delay 100, 0;
    %pushi/vec4 1, 0, 1;
    %store/vec4 v00000000028c3710_0, 0, 1;
    %end;
    .thread T_17;
    .scope S_000000000283dbd0;
T_18 ;
    %delay 50, 0;
    %load/vec4 v00000000028c2ef0_0;
    %inv;
    %store/vec4 v00000000028c2ef0_0, 0, 1;
    %jmp T_18;
    .thread T_18;
    .scope S_000000000283dbd0;
T_19 ;
    %vpi_call 9 27 "$dumpfile", "output.vcd" {0 0 0};
    %vpi_call 9 28 "$dumpvars" {0 0 0};
    %vpi_call 9 29 "$display", "Starting simulation" {0 0 0};
    %end;
    .thread T_19;
    .scope S_000000000283dbd0;
T_20 ;
    %vpi_call 9 34 "$monitor", "%d,\011%b,\011%b", $time, v00000000028c2ef0_0, v00000000028c3710_0, v00000000028c2270_0 {0 0 0};
    %end;
    .thread T_20;
    .scope S_000000000283dbd0;
T_21 ;
    %vpi_call 9 39 "$display", "Simulation ended." {0 0 0};
    %delay 10000, 0;
    %vpi_call 9 40 "$finish" {0 0 0};
    %end;
    .thread T_21;
# The file index is used to find the file name in the following table.
:file_names 10;
    "N/A";
    "<interactive>";
    "Lab2.v";
    "Counters.v";
    "month_day.v";
    "day_display.v";
    "SevenSeg.v";
    "clock_choice.v";
    "clock_divider.v";
    "TB_clock_divider.v";
